[0m21:58:12.290403 [debug] [MainThread]: Sending event: {'category': 'dbt', 'action': 'invocation', 'label': 'start', 'context': [<snowplow_tracker.self_describing_json.SelfDescribingJson object at 0x000001F1D7CA3B00>, <snowplow_tracker.self_describing_json.SelfDescribingJson object at 0x000001F1DA0C7C20>, <snowplow_tracker.self_describing_json.SelfDescribingJson object at 0x000001F1D9A83380>]}


============================== 21:58:12.298332 | cf5fb957-98a0-4bab-bce6-561cbf3f0e43 ==============================
[0m21:58:12.298332 [info ] [MainThread]: Running with dbt=1.11.7
[0m21:58:12.299400 [debug] [MainThread]: running dbt with arguments {'static_parser': 'True', 'no_print': 'None', 'version_check': 'True', 'warn_error_options': 'WarnErrorOptionsV2(error=[], warn=[], silence=[])', 'target_path': 'None', 'printer_width': '80', 'write_json': 'True', 'introspect': 'True', 'log_cache_events': 'False', 'empty': 'None', 'cache_selected_only': 'False', 'log_format': 'default', 'debug': 'False', 'fail_fast': 'False', 'profiles_dir': 'C:\\Users\\mbdal\\.dbt', 'send_anonymous_usage_stats': 'True', 'quiet': 'False', 'warn_error': 'None', 'partial_parse': 'True', 'invocation_command': 'dbt debug', 'indirect_selection': 'eager', 'use_colors': 'True', 'use_experimental_parser': 'False', 'log_path': 'logs'}
[0m21:58:12.341482 [info ] [MainThread]: dbt version: 1.11.7
[0m21:58:12.341482 [info ] [MainThread]: python version: 3.12.10
[0m21:58:12.342992 [info ] [MainThread]: python path: D:\Python312\python.exe
[0m21:58:12.342992 [info ] [MainThread]: os info: Windows-11-10.0.22631-SP0
[0m21:58:12.688368 [info ] [MainThread]: Error importing adapter: No module named 'dbt.adapters.snowflake'
[0m21:58:12.690567 [info ] [MainThread]: Error importing adapter: No module named 'dbt.adapters.snowflake'
[0m21:58:12.693371 [info ] [MainThread]: Error importing adapter: No module named 'dbt.adapters.snowflake'
[0m21:58:12.695301 [info ] [MainThread]: Using profiles dir at C:\Users\mbdal\.dbt
[0m21:58:12.696300 [info ] [MainThread]: Using profiles.yml file at C:\Users\mbdal\.dbt\profiles.yml
[0m21:58:12.696300 [info ] [MainThread]: Using dbt_project.yml file at D:\DEPI\Project\credit-risk-analysis\dbt_project.yml
[0m21:58:12.697251 [info ] [MainThread]: Configuration:
[0m21:58:12.698283 [info ] [MainThread]:   profiles.yml file [[31mERROR invalid[0m]
[0m21:58:12.698788 [info ] [MainThread]:   dbt_project.yml file [[31mERROR not found[0m]
[0m21:58:12.698788 [info ] [MainThread]: Required dependencies:
[0m21:58:12.698788 [debug] [MainThread]: Executing "git --help"
[0m21:58:12.741870 [debug] [MainThread]: STDOUT: "b"usage: git [-v | --version] [-h | --help] [-C <path>] [-c <name>=<value>]\n           [--exec-path[=<path>]] [--html-path] [--man-path] [--info-path]\n           [-p | --paginate | -P | --no-pager] [--no-replace-objects] [--bare]\n           [--git-dir=<path>] [--work-tree=<path>] [--namespace=<name>]\n           [--config-env=<name>=<envvar>] <command> [<args>]\n\nThese are common Git commands used in various situations:\n\nstart a working area (see also: git help tutorial)\n   clone     Clone a repository into a new directory\n   init      Create an empty Git repository or reinitialize an existing one\n\nwork on the current change (see also: git help everyday)\n   add       Add file contents to the index\n   mv        Move or rename a file, a directory, or a symlink\n   restore   Restore working tree files\n   rm        Remove files from the working tree and from the index\n\nexamine the history and state (see also: git help revisions)\n   bisect    Use binary search to find the commit that introduced a bug\n   diff      Show changes between commits, commit and working tree, etc\n   grep      Print lines matching a pattern\n   log       Show commit logs\n   show      Show various types of objects\n   status    Show the working tree status\n\ngrow, mark and tweak your common history\n   branch    List, create, or delete branches\n   commit    Record changes to the repository\n   merge     Join two or more development histories together\n   rebase    Reapply commits on top of another base tip\n   reset     Reset current HEAD to the specified state\n   switch    Switch branches\n   tag       Create, list, delete or verify a tag object signed with GPG\n\ncollaborate (see also: git help workflows)\n   fetch     Download objects and refs from another repository\n   pull      Fetch from and integrate with another repository or a local branch\n   push      Update remote refs along with associated objects\n\n'git help -a' and 'git help -g' list available subcommands and some\nconcept guides. See 'git help <command>' or 'git help <concept>'\nto read about a specific subcommand or concept.\nSee 'git help git' for an overview of the system.\n""
[0m21:58:12.743616 [debug] [MainThread]: STDERR: "b''"
[0m21:58:12.743616 [info ] [MainThread]:  - git [[32mOK found[0m]

[0m21:58:12.744484 [info ] [MainThread]: Connection test skipped since no profile was found
[0m21:58:12.744484 [info ] [MainThread]: [31m2 checks failed:[0m
[0m21:58:12.745503 [info ] [MainThread]: Could not load dbt_project.yml
Profile loading failed for the following reason:
Runtime Error
  Credentials in profile "sales_dbt_project", target "dev" invalid: Runtime Error
    Could not find adapter type snowflake!

Runtime Error
  Credentials in profile "snowflake_project", target "dev" invalid: Runtime Error
    Could not find adapter type snowflake!

Runtime Error
  Credentials in profile "stock_dbt", target "dev" invalid: Runtime Error
    Could not find adapter type snowflake!


[0m21:58:12.746485 [info ] [MainThread]: Project loading failed for the following reason:
 project path <D:\DEPI\Project\credit-risk-analysis\dbt_project.yml> not found

[0m21:58:12.747487 [debug] [MainThread]: Command `dbt debug` failed at 21:58:12.747487 after 0.71 seconds
[0m21:58:12.748562 [debug] [MainThread]: Sending event: {'category': 'dbt', 'action': 'invocation', 'label': 'end', 'context': [<snowplow_tracker.self_describing_json.SelfDescribingJson object at 0x000001F1DE0FF200>, <snowplow_tracker.self_describing_json.SelfDescribingJson object at 0x000001F1DC6339B0>, <snowplow_tracker.self_describing_json.SelfDescribingJson object at 0x000001F1DE0AD790>]}
[0m21:58:12.748562 [debug] [MainThread]: Flushing usage events
[0m21:58:14.151872 [debug] [MainThread]: An error was encountered while trying to flush usage events
[0m22:13:43.425477 [debug] [MainThread]: Sending event: {'category': 'dbt', 'action': 'invocation', 'label': 'start', 'context': [<snowplow_tracker.self_describing_json.SelfDescribingJson object at 0x000002B064487E60>, <snowplow_tracker.self_describing_json.SelfDescribingJson object at 0x000002B0647780B0>, <snowplow_tracker.self_describing_json.SelfDescribingJson object at 0x000002B064778B30>]}


============================== 22:13:43.437489 | fbdff41d-3e1d-4000-9675-352c07769cef ==============================
[0m22:13:43.437489 [info ] [MainThread]: Running with dbt=1.11.7
[0m22:13:43.437489 [debug] [MainThread]: running dbt with arguments {'version_check': 'True', 'no_print': 'None', 'static_parser': 'True', 'warn_error_options': 'WarnErrorOptionsV2(error=[], warn=[], silence=[])', 'target_path': 'None', 'printer_width': '80', 'write_json': 'True', 'introspect': 'True', 'log_cache_events': 'False', 'empty': 'None', 'cache_selected_only': 'False', 'fail_fast': 'False', 'debug': 'False', 'log_format': 'default', 'partial_parse': 'True', 'send_anonymous_usage_stats': 'True', 'quiet': 'False', 'warn_error': 'None', 'profiles_dir': 'C:\\Users\\mbdal\\.dbt', 'use_colors': 'True', 'indirect_selection': 'eager', 'invocation_command': 'dbt debug', 'use_experimental_parser': 'False', 'log_path': 'logs'}
[0m22:13:43.457215 [info ] [MainThread]: dbt version: 1.11.7
[0m22:13:43.457215 [info ] [MainThread]: python version: 3.12.10
[0m22:13:43.457215 [info ] [MainThread]: python path: D:\DEPI\Project\credit-risk-analysis\venv\Scripts\python.exe
[0m22:13:43.457215 [info ] [MainThread]: os info: Windows-11-10.0.22631-SP0
[0m22:13:43.475530 [info ] [MainThread]: Error importing adapter: No module named 'dbt.adapters.postgres'
[0m22:13:43.480668 [info ] [MainThread]: Error importing adapter: No module named 'dbt.adapters.snowflake'
[0m22:13:43.480668 [info ] [MainThread]: Error importing adapter: No module named 'dbt.adapters.snowflake'
[0m22:13:43.480668 [info ] [MainThread]: Error importing adapter: No module named 'dbt.adapters.snowflake'
[0m22:13:43.489300 [info ] [MainThread]: Error importing adapter: No module named 'dbt.adapters.postgres'
[0m22:13:43.489300 [info ] [MainThread]: Using profiles dir at C:\Users\mbdal\.dbt
[0m22:13:43.490443 [info ] [MainThread]: Using profiles.yml file at C:\Users\mbdal\.dbt\profiles.yml
[0m22:13:43.490911 [info ] [MainThread]: Using dbt_project.yml file at D:\DEPI\Project\credit-risk-analysis\dbt_project.yml
[0m22:13:43.490911 [info ] [MainThread]: Configuration:
[0m22:13:43.491918 [info ] [MainThread]:   profiles.yml file [[31mERROR invalid[0m]
[0m22:13:43.491918 [info ] [MainThread]:   dbt_project.yml file [[31mERROR not found[0m]
[0m22:13:43.492918 [info ] [MainThread]: Required dependencies:
[0m22:13:43.493919 [debug] [MainThread]: Executing "git --help"
[0m22:13:43.536181 [debug] [MainThread]: STDOUT: "b"usage: git [-v | --version] [-h | --help] [-C <path>] [-c <name>=<value>]\n           [--exec-path[=<path>]] [--html-path] [--man-path] [--info-path]\n           [-p | --paginate | -P | --no-pager] [--no-replace-objects] [--bare]\n           [--git-dir=<path>] [--work-tree=<path>] [--namespace=<name>]\n           [--config-env=<name>=<envvar>] <command> [<args>]\n\nThese are common Git commands used in various situations:\n\nstart a working area (see also: git help tutorial)\n   clone     Clone a repository into a new directory\n   init      Create an empty Git repository or reinitialize an existing one\n\nwork on the current change (see also: git help everyday)\n   add       Add file contents to the index\n   mv        Move or rename a file, a directory, or a symlink\n   restore   Restore working tree files\n   rm        Remove files from the working tree and from the index\n\nexamine the history and state (see also: git help revisions)\n   bisect    Use binary search to find the commit that introduced a bug\n   diff      Show changes between commits, commit and working tree, etc\n   grep      Print lines matching a pattern\n   log       Show commit logs\n   show      Show various types of objects\n   status    Show the working tree status\n\ngrow, mark and tweak your common history\n   branch    List, create, or delete branches\n   commit    Record changes to the repository\n   merge     Join two or more development histories together\n   rebase    Reapply commits on top of another base tip\n   reset     Reset current HEAD to the specified state\n   switch    Switch branches\n   tag       Create, list, delete or verify a tag object signed with GPG\n\ncollaborate (see also: git help workflows)\n   fetch     Download objects and refs from another repository\n   pull      Fetch from and integrate with another repository or a local branch\n   push      Update remote refs along with associated objects\n\n'git help -a' and 'git help -g' list available subcommands and some\nconcept guides. See 'git help <command>' or 'git help <concept>'\nto read about a specific subcommand or concept.\nSee 'git help git' for an overview of the system.\n""
[0m22:13:43.536181 [debug] [MainThread]: STDERR: "b''"
[0m22:13:43.536181 [info ] [MainThread]:  - git [[32mOK found[0m]

[0m22:13:43.537191 [info ] [MainThread]: Connection test skipped since no profile was found
[0m22:13:43.538245 [info ] [MainThread]: [31m2 checks failed:[0m
[0m22:13:43.538387 [info ] [MainThread]: Could not load dbt_project.yml
Profile loading failed for the following reason:
Runtime Error
  Credentials in profile "dbt_first", target "dev" invalid: Runtime Error
    Could not find adapter type postgres!

Runtime Error
  Credentials in profile "sales_dbt_project", target "dev" invalid: Runtime Error
    Could not find adapter type snowflake!

Runtime Error
  Credentials in profile "snowflake_project", target "dev" invalid: Runtime Error
    Could not find adapter type snowflake!

Runtime Error
  Credentials in profile "stock_dbt", target "dev" invalid: Runtime Error
    Could not find adapter type snowflake!

Runtime Error
  Credentials in profile "telecom", target "dev" invalid: Runtime Error
    Could not find adapter type postgres!


[0m22:13:43.539107 [info ] [MainThread]: Project loading failed for the following reason:
 project path <D:\DEPI\Project\credit-risk-analysis\dbt_project.yml> not found

[0m22:13:43.539923 [debug] [MainThread]: Command `dbt debug` failed at 22:13:43.539923 after 0.25 seconds
[0m22:13:43.541018 [debug] [MainThread]: Sending event: {'category': 'dbt', 'action': 'invocation', 'label': 'end', 'context': [<snowplow_tracker.self_describing_json.SelfDescribingJson object at 0x000002B065D197C0>, <snowplow_tracker.self_describing_json.SelfDescribingJson object at 0x000002B064696CF0>, <snowplow_tracker.self_describing_json.SelfDescribingJson object at 0x000002B0642F3770>]}
[0m22:13:43.541018 [debug] [MainThread]: Flushing usage events
[0m22:13:45.481063 [debug] [MainThread]: An error was encountered while trying to flush usage events
